<?xml version="1.0" encoding="UTF-8"?>
<testsuite xmlns:xsi="http://www.w3.org/2001/XMLSchema-instance" xsi:noNamespaceSchemaLocation="https://maven.apache.org/surefire/maven-surefire-plugin/xsd/surefire-test-report-3.0.xsd" version="3.0" name="com.acme.mcp.core.tool.PowerShellToolBaseTest" time="0.949" tests="4" errors="0" skipped="0" failures="0">
  <properties>
    <property name="java.specification.version" value="17"/>
    <property name="sun.cpu.isalist" value="amd64"/>
    <property name="sun.jnu.encoding" value="Cp1252"/>
    <property name="java.class.path" value="C:\Users\jesus\CursorProjects\mcp-core\target\test-classes;C:\Users\jesus\CursorProjects\mcp-core\target\classes;C:\Users\jesus\.m2\repository\com\fasterxml\jackson\core\jackson-databind\2.16.1\jackson-databind-2.16.1.jar;C:\Users\jesus\.m2\repository\com\fasterxml\jackson\core\jackson-annotations\2.16.1\jackson-annotations-2.16.1.jar;C:\Users\jesus\.m2\repository\com\fasterxml\jackson\core\jackson-core\2.16.1\jackson-core-2.16.1.jar;C:\Users\jesus\.m2\repository\commons-io\commons-io\2.15.1\commons-io-2.15.1.jar;C:\Users\jesus\.m2\repository\org\slf4j\slf4j-api\2.0.9\slf4j-api-2.0.9.jar;C:\Users\jesus\.m2\repository\ch\qos\logback\logback-classic\1.4.14\logback-classic-1.4.14.jar;C:\Users\jesus\.m2\repository\ch\qos\logback\logback-core\1.4.14\logback-core-1.4.14.jar;C:\Users\jesus\.m2\repository\org\junit\jupiter\junit-jupiter\5.10.1\junit-jupiter-5.10.1.jar;C:\Users\jesus\.m2\repository\org\junit\jupiter\junit-jupiter-api\5.10.1\junit-jupiter-api-5.10.1.jar;C:\Users\jesus\.m2\repository\org\opentest4j\opentest4j\1.3.0\opentest4j-1.3.0.jar;C:\Users\jesus\.m2\repository\org\junit\platform\junit-platform-commons\1.10.1\junit-platform-commons-1.10.1.jar;C:\Users\jesus\.m2\repository\org\apiguardian\apiguardian-api\1.1.2\apiguardian-api-1.1.2.jar;C:\Users\jesus\.m2\repository\org\junit\jupiter\junit-jupiter-params\5.10.1\junit-jupiter-params-5.10.1.jar;C:\Users\jesus\.m2\repository\org\junit\jupiter\junit-jupiter-engine\5.10.1\junit-jupiter-engine-5.10.1.jar;C:\Users\jesus\.m2\repository\org\junit\platform\junit-platform-engine\1.10.1\junit-platform-engine-1.10.1.jar;"/>
    <property name="java.vm.vendor" value="Oracle Corporation"/>
    <property name="sun.arch.data.model" value="64"/>
    <property name="user.variant" value=""/>
    <property name="java.vendor.url" value="https://java.oracle.com/"/>
    <property name="user.timezone" value="Europe/Madrid"/>
    <property name="os.name" value="Windows 11"/>
    <property name="java.vm.specification.version" value="17"/>
    <property name="sun.java.launcher" value="SUN_STANDARD"/>
    <property name="user.country" value="ES"/>
    <property name="sun.boot.library.path" value="C:\Program Files\Java\jdk-17\bin"/>
    <property name="sun.java.command" value="C:\Users\jesus\AppData\Local\Temp\surefire9159541231161069267\surefirebooter-20250919031110753_3.jar C:\Users\jesus\AppData\Local\Temp\surefire9159541231161069267 2025-09-19T03-11-10_405-jvmRun1 surefire-20250919031110753_1tmp surefire_0-20250919031110753_2tmp"/>
    <property name="jdk.debug" value="release"/>
    <property name="surefire.test.class.path" value="C:\Users\jesus\CursorProjects\mcp-core\target\test-classes;C:\Users\jesus\CursorProjects\mcp-core\target\classes;C:\Users\jesus\.m2\repository\com\fasterxml\jackson\core\jackson-databind\2.16.1\jackson-databind-2.16.1.jar;C:\Users\jesus\.m2\repository\com\fasterxml\jackson\core\jackson-annotations\2.16.1\jackson-annotations-2.16.1.jar;C:\Users\jesus\.m2\repository\com\fasterxml\jackson\core\jackson-core\2.16.1\jackson-core-2.16.1.jar;C:\Users\jesus\.m2\repository\commons-io\commons-io\2.15.1\commons-io-2.15.1.jar;C:\Users\jesus\.m2\repository\org\slf4j\slf4j-api\2.0.9\slf4j-api-2.0.9.jar;C:\Users\jesus\.m2\repository\ch\qos\logback\logback-classic\1.4.14\logback-classic-1.4.14.jar;C:\Users\jesus\.m2\repository\ch\qos\logback\logback-core\1.4.14\logback-core-1.4.14.jar;C:\Users\jesus\.m2\repository\org\junit\jupiter\junit-jupiter\5.10.1\junit-jupiter-5.10.1.jar;C:\Users\jesus\.m2\repository\org\junit\jupiter\junit-jupiter-api\5.10.1\junit-jupiter-api-5.10.1.jar;C:\Users\jesus\.m2\repository\org\opentest4j\opentest4j\1.3.0\opentest4j-1.3.0.jar;C:\Users\jesus\.m2\repository\org\junit\platform\junit-platform-commons\1.10.1\junit-platform-commons-1.10.1.jar;C:\Users\jesus\.m2\repository\org\apiguardian\apiguardian-api\1.1.2\apiguardian-api-1.1.2.jar;C:\Users\jesus\.m2\repository\org\junit\jupiter\junit-jupiter-params\5.10.1\junit-jupiter-params-5.10.1.jar;C:\Users\jesus\.m2\repository\org\junit\jupiter\junit-jupiter-engine\5.10.1\junit-jupiter-engine-5.10.1.jar;C:\Users\jesus\.m2\repository\org\junit\platform\junit-platform-engine\1.10.1\junit-platform-engine-1.10.1.jar;"/>
    <property name="sun.cpu.endian" value="little"/>
    <property name="user.home" value="C:\Users\jesus"/>
    <property name="user.language" value="es"/>
    <property name="java.specification.vendor" value="Oracle Corporation"/>
    <property name="java.version.date" value="2024-04-16"/>
    <property name="java.home" value="C:\Program Files\Java\jdk-17"/>
    <property name="file.separator" value="\"/>
    <property name="basedir" value="C:\Users\jesus\CursorProjects\mcp-core"/>
    <property name="java.vm.compressedOopsMode" value="Zero based"/>
    <property name="line.separator" value="&#10;"/>
    <property name="java.vm.specification.vendor" value="Oracle Corporation"/>
    <property name="java.specification.name" value="Java Platform API Specification"/>
    <property name="surefire.real.class.path" value="C:\Users\jesus\AppData\Local\Temp\surefire9159541231161069267\surefirebooter-20250919031110753_3.jar"/>
    <property name="user.script" value=""/>
    <property name="sun.management.compiler" value="HotSpot 64-Bit Tiered Compilers"/>
    <property name="java.runtime.version" value="17.0.11+7-LTS-207"/>
    <property name="user.name" value="jesus"/>
    <property name="path.separator" value=";"/>
    <property name="os.version" value="10.0"/>
    <property name="java.runtime.name" value="Java(TM) SE Runtime Environment"/>
    <property name="file.encoding" value="Cp1252"/>
    <property name="java.vm.name" value="Java HotSpot(TM) 64-Bit Server VM"/>
    <property name="localRepository" value="C:\Users\jesus\.m2\repository"/>
    <property name="java.vendor.url.bug" value="https://bugreport.java.com/bugreport/"/>
    <property name="java.io.tmpdir" value="C:\Users\jesus\AppData\Local\Temp\"/>
    <property name="java.version" value="17.0.11"/>
    <property name="user.dir" value="C:\Users\jesus\CursorProjects\mcp-core"/>
    <property name="os.arch" value="amd64"/>
    <property name="java.vm.specification.name" value="Java Virtual Machine Specification"/>
    <property name="sun.os.patch.level" value=""/>
    <property name="native.encoding" value="Cp1252"/>
    <property name="java.library.path" value="C:\Program Files\Java\jdk-17\bin;C:\WINDOWS\Sun\Java\bin;C:\WINDOWS\system32;C:\WINDOWS;C:\Program Files\FireDaemon OpenSSL 3\bin\;C:\Program Files\Common Files\Oracle\Java\javapath;C:\WINDOWS\system32;C:\WINDOWS;C:\WINDOWS\System32\Wbem;C:\WINDOWS\System32\WindowsPowerShell\v1.0\;C:\WINDOWS\System32\OpenSSH\;C:\Program Files (x86)\NVIDIA Corporation\PhysX\Common;C:\Program Files\dotnet\;C:\Program Files\Git\cmd;C:\Program Files\Docker\Docker\resources\bin;C:\Users\jesus\AppData\Roaming\nvm;C:\Program Files\nodejs;C:\Users\jesus\AppData\Local\Programs\Python\Python313\Scripts\;C:\Users\jesus\AppData\Local\Programs\Python\Python313\;C:\Users\jesus\AppData\Local\Programs\Python\Launcher\;C:\Users\jesus\AppData\Local\Microsoft\WindowsApps;C:\Program Files\JetBrains\IntelliJ IDEA Community Edition 2024.1.4\bin;;C:\Program Files\Java\jdk-17\bin;C:\Users\jesus\AppData\Roaming\nvm;C:\Program Files\nodejs;C:\Program Files\mitmproxy\bin;;C:\Users\jesus\AppData\Local\Programs\Ollama;C:\Users\jesus\AppData\Local\Programs\cursor\resources\app\bin;c:\Users\jesus\.cursor\extensions\ms-python.debugpy-2025.10.0-win32-x64\bundled\scripts\noConfigScripts;."/>
    <property name="java.vm.info" value="mixed mode, sharing"/>
    <property name="java.vendor" value="Oracle Corporation"/>
    <property name="java.vm.version" value="17.0.11+7-LTS-207"/>
    <property name="sun.io.unicode.encoding" value="UnicodeLittle"/>
    <property name="java.class.version" value="61.0"/>
  </properties>
  <testcase name="testToolProperties" classname="com.acme.mcp.core.tool.PowerShellToolBaseTest" time="0.224"/>
  <testcase name="testValidationError" classname="com.acme.mcp.core.tool.PowerShellToolBaseTest" time="0.552">
    <system-out><![CDATA[03:11:12,490 |-INFO in ch.qos.logback.classic.LoggerContext[default] - This is logback-classic version 1.4.14
03:11:12,493 |-INFO in ch.qos.logback.classic.util.ContextInitializer@4372b9b6 - No custom configurators were discovered as a service.
03:11:12,494 |-INFO in ch.qos.logback.classic.util.ContextInitializer@4372b9b6 - Trying to configure with ch.qos.logback.classic.joran.SerializedModelConfigurator
03:11:12,496 |-INFO in ch.qos.logback.classic.util.ContextInitializer@4372b9b6 - Constructed configurator of type class ch.qos.logback.classic.joran.SerializedModelConfigurator
03:11:12,505 |-INFO in ch.qos.logback.classic.LoggerContext[default] - Could NOT find resource [logback-test.scmo]
03:11:12,506 |-INFO in ch.qos.logback.classic.LoggerContext[default] - Could NOT find resource [logback.scmo]
03:11:12,514 |-INFO in ch.qos.logback.classic.util.ContextInitializer@4372b9b6 - ch.qos.logback.classic.joran.SerializedModelConfigurator.configure() call lasted 10 milliseconds. ExecutionStatus=INVOKE_NEXT_IF_ANY
03:11:12,514 |-INFO in ch.qos.logback.classic.util.ContextInitializer@4372b9b6 - Trying to configure with ch.qos.logback.classic.util.DefaultJoranConfigurator
03:11:12,515 |-INFO in ch.qos.logback.classic.util.ContextInitializer@4372b9b6 - Constructed configurator of type class ch.qos.logback.classic.util.DefaultJoranConfigurator
03:11:12,516 |-INFO in ch.qos.logback.classic.LoggerContext[default] - Could NOT find resource [logback-test.xml]
03:11:12,523 |-INFO in ch.qos.logback.classic.LoggerContext[default] - Found resource [logback.xml] at [file:/C:/Users/jesus/CursorProjects/mcp-core/target/classes/logback.xml]
03:11:12,724 |-INFO in ch.qos.logback.core.model.processor.AppenderModelHandler - Processing appender named [CONSOLE]
03:11:12,725 |-INFO in ch.qos.logback.core.model.processor.AppenderModelHandler - About to instantiate appender of type [ch.qos.logback.core.ConsoleAppender]
03:11:12,740 |-INFO in ch.qos.logback.core.model.processor.ImplicitModelHandler - Assuming default type [ch.qos.logback.classic.encoder.PatternLayoutEncoder] for [encoder] property
03:11:12,807 |-INFO in ch.qos.logback.core.model.processor.AppenderModelHandler - Processing appender named [AUDIT_CONSOLE]
03:11:12,807 |-INFO in ch.qos.logback.core.model.processor.AppenderModelHandler - About to instantiate appender of type [ch.qos.logback.core.ConsoleAppender]
03:11:12,808 |-INFO in ch.qos.logback.core.model.processor.ImplicitModelHandler - Assuming default type [ch.qos.logback.classic.encoder.PatternLayoutEncoder] for [encoder] property
03:11:12,809 |-INFO in ch.qos.logback.core.model.processor.AppenderModelHandler - Processing appender named [AUDIT_FILE]
03:11:12,809 |-INFO in ch.qos.logback.core.model.processor.AppenderModelHandler - About to instantiate appender of type [ch.qos.logback.core.rolling.RollingFileAppender]
03:11:12,833 |-WARN in ch.qos.logback.core.model.processor.ImplicitModelHandler - Ignoring unknown property [maxFileSize] in [ch.qos.logback.core.rolling.TimeBasedRollingPolicy]
03:11:12,838 |-INFO in c.q.l.core.rolling.TimeBasedRollingPolicy@589987187 - No compression will be used
03:11:12,840 |-INFO in c.q.l.core.rolling.TimeBasedRollingPolicy@589987187 - Will use the pattern logs/audit.%d{yyyy-MM-dd}.%i.log for the active file
03:11:12,849 |-INFO in c.q.l.core.rolling.DefaultTimeBasedFileNamingAndTriggeringPolicy - The date pattern is 'yyyy-MM-dd' from file name pattern 'logs/audit.%d{yyyy-MM-dd}.%i.log'.
03:11:12,849 |-INFO in c.q.l.core.rolling.DefaultTimeBasedFileNamingAndTriggeringPolicy - Roll-over at midnight.
03:11:12,851 |-INFO in c.q.l.core.rolling.DefaultTimeBasedFileNamingAndTriggeringPolicy - Setting initial period to 2025-09-19T01:11:12.850Z
03:11:12,853 |-ERROR in c.q.l.core.rolling.DefaultTimeBasedFileNamingAndTriggeringPolicy - Filename pattern [logs/audit.%d{yyyy-MM-dd}.%i.log] contains an integer token converter, i.e. %i, INCOMPATIBLE with this configuration. Remove it.
03:11:12,853 |-WARN in c.q.l.core.rolling.TimeBasedRollingPolicy@589987187 - Subcomponent did not start. TimeBasedRollingPolicy will not start.
03:11:12,853 |-INFO in ch.qos.logback.core.model.processor.ImplicitModelHandler - Assuming default type [ch.qos.logback.classic.encoder.PatternLayoutEncoder] for [encoder] property
03:11:12,854 |-WARN in ch.qos.logback.core.rolling.RollingFileAppender[AUDIT_FILE] - TriggeringPolicy has not started. RollingFileAppender will not start
03:11:12,856 |-INFO in ch.qos.logback.classic.model.processor.LoggerModelHandler - Setting level of logger [AUDIT] to INFO
03:11:12,865 |-INFO in ch.qos.logback.classic.model.processor.LoggerModelHandler - Setting additivity of logger [AUDIT] to false
03:11:12,867 |-INFO in ch.qos.logback.core.model.processor.AppenderRefModelHandler - Attaching appender named [AUDIT_CONSOLE] to Logger[AUDIT]
03:11:12,868 |-INFO in ch.qos.logback.core.model.processor.AppenderRefModelHandler - Attaching appender named [AUDIT_FILE] to Logger[AUDIT]
03:11:12,869 |-INFO in ch.qos.logback.classic.model.processor.RootLoggerModelHandler - Setting level of ROOT logger to INFO
03:11:12,869 |-INFO in ch.qos.logback.core.model.processor.AppenderRefModelHandler - Attaching appender named [CONSOLE] to Logger[ROOT]
03:11:12,869 |-INFO in ch.qos.logback.core.model.processor.DefaultProcessor@40844aab - End of configuration.
03:11:12,870 |-INFO in ch.qos.logback.classic.joran.JoranConfigurator@1f6c9cd8 - Registering current configuration as safe fallback point
03:11:12,870 |-INFO in ch.qos.logback.classic.util.ContextInitializer@4372b9b6 - ch.qos.logback.classic.util.DefaultJoranConfigurator.configure() call lasted 355 milliseconds. ExecutionStatus=DO_NOT_INVOKE_NEXT_IF_ANY

{"event":"tool_validation_error","timestamp":1758244272882,"missingField":"requiredField","tool":"test.tool","providedFields":"[[]]"}
]]></system-out>
  </testcase>
  <testcase name="testDryRunExecution" classname="com.acme.mcp.core.tool.PowerShellToolBaseTest" time="0.157">
    <system-out><![CDATA[{"event":"tool_execution_started","timestamp":1758244272985,"dryRun":false,"assetId":"testasset","commandCount":1,"correlationId":"testcorrelation","userId":"testuser","commands":"[\"Get-Service\"]","tool":"test.tool"}
{"event":"tool_execution_completed","timestamp":1758244273139,"executionId":"fc60b1e8-97a1-44a3-8a49-182f84031ba5","stdoutPreview":"DRY_RUN","success":true,"assetId":"testasset","exitCode":0,"stderrLen":0,"correlationId":"testcorrelation","userId":"testuser","tool":"test.tool","status":"SUCCESS","stdoutLen":7}
]]></system-out>
  </testcase>
  <testcase name="testBlockedCommand" classname="com.acme.mcp.core.tool.PowerShellToolBaseTest" time="0.003">
    <system-out><![CDATA[{"event":"tool_execution_blocked","timestamp":1758244273144,"command":"format C:","tool":"test.tool"}
]]></system-out>
  </testcase>
</testsuite>